2018-09-25 00:37:38,009 - Trade.py - Trade - create_fx_trade - INFO - contract price quotation_mode is quotation_mode_enum.und_base. 
2018-09-25 00:37:38,009 - PnL.py - PnL - refresh_acc_pnl - INFO - Accounting PnL is 300.00000000000006. 
2018-09-25 00:37:38,009 - PnL.py - PnL - refresh_acc_pnl - INFO - Accounting PnL is 300.00000000000006. 
2018-09-25 00:37:38,009 - PnL.py - PnL - refresh_eco_pnl - INFO - Economic PnL is 299.40000000000003. 
2018-09-25 00:37:38,009 - Trade.py - Trade - create_fx_trade - INFO - contract price quotation_mode is quotation_mode_enum.und_base. 
2018-09-25 00:37:38,009 - PnL.py - PnL - refresh_acc_pnl - INFO - Accounting PnL is 200.00000000000009. 
2018-09-25 00:37:38,009 - PnL.py - PnL - refresh_acc_pnl - INFO - Accounting PnL is 200.00000000000009. 
2018-09-25 00:37:38,025 - PnL.py - PnL - refresh_eco_pnl - INFO - Economic PnL is 199.4000000000001. 
2018-09-25 00:37:38,025 - Trade.py - Trade - create_fx_trade - INFO - contract price quotation_mode is quotation_mode_enum.und_base. 
2018-09-25 00:37:38,025 - PnL.py - PnL - refresh_acc_pnl - INFO - Accounting PnL is 300.00000000000006. 
2018-09-25 00:37:38,025 - Trade.py - Trade - create_fx_trade - INFO - contract price quotation_mode is quotation_mode_enum.und_base. 
2018-09-25 00:37:38,025 - PnL.py - PnL - refresh_acc_pnl - INFO - Accounting PnL is 300.00000000000006. 
2018-09-25 00:37:38,025 - PnL.py - PnL - refresh_eco_pnl - INFO - Economic PnL is 300.1136073059361. 
2018-09-25 00:37:38,025 - Trade.py - Trade - create_fx_trade - INFO - contract price quotation_mode is quotation_mode_enum.und_base. 
2018-09-25 00:37:38,025 - PnL.py - PnL - refresh_acc_pnl - INFO - Accounting PnL is 204.62138641592475. 
2018-09-25 00:37:38,025 - PnL.py - PnL - refresh_eco_pnl - INFO - Economic PnL is 202.5751725517655. 
2018-09-25 00:37:38,040 - Trade.py - Trade - create_fx_trade - INFO - contract price quotation_mode is quotation_mode_enum.und_base. 
2018-09-25 00:37:38,040 - PnL.py - PnL - refresh_acc_pnl - INFO - Accounting PnL is 307.5225677031095. 
2018-09-25 00:37:38,040 - PnL.py - PnL - refresh_eco_pnl - INFO - Economic PnL is 306.60000000000014. 
2018-09-25 00:37:38,040 - Trade.py - Trade - create_fx_trade - INFO - contract price quotation_mode is quotation_mode_enum.base_und. 
2018-09-25 00:37:38,040 - PnL.py - PnL - refresh_acc_pnl - INFO - Accounting PnL is 246.04830013919798. 
2018-09-25 00:37:38,040 - PnL.py - PnL - refresh_eco_pnl - INFO - Economic PnL is 245.7180378892357. 
2018-09-25 00:37:38,040 - Trade.py - Trade - create_fx_trade - INFO - contract price quotation_mode is quotation_mode_enum.base_und. 
2018-09-25 00:37:38,040 - PnL.py - PnL - refresh_acc_pnl - INFO - Accounting PnL is 246.04830013919775. 
2018-09-25 00:37:38,040 - PnL.py - PnL - refresh_eco_pnl - INFO - Economic PnL is 245.71803788923546. 
2018-09-25 00:37:38,040 - Trade.py - Trade - create_fx_trade - INFO - contract price quotation_mode is quotation_mode_enum.base_und. 
2018-09-25 00:37:38,040 - PnL.py - PnL - refresh_acc_pnl - INFO - Accounting PnL is 246.04830013919798. 
2018-09-25 00:37:38,040 - PnL.py - PnL - refresh_eco_pnl - INFO - Economic PnL is 245.7180378892357. 
2018-09-25 00:37:45,407 - Trade.py - Trade - create_fx_trade - INFO - contract price quotation_mode is quotation_mode_enum.und_base. 
2018-09-25 00:37:45,407 - Trade.py - Trade - create_fx_trade - INFO - contract price quotation_mode is quotation_mode_enum.base_und. 
2018-10-01 15:22:43,862 - Trade.py - Trade - create_fx_trade - INFO - contract price quotation_mode is quotation_mode_enum.und_base. 
2018-10-01 15:22:43,862 - Trade.py - Trade - create_fx_trade - INFO - contract price quotation_mode is quotation_mode_enum.base_und. 
2018-12-14 00:38:16,057 - PnL.py - PnL - refresh_acc_pnl - INFO - Accounting PnL is 300.00000000000006. 
2018-12-14 00:38:16,089 - PnL.py - PnL - refresh_acc_pnl - INFO - Accounting PnL is 300.00000000000006. 
2018-12-14 00:38:16,089 - PnL.py - PnL - refresh_eco_pnl - INFO - Economic PnL is 299.40000000000003. 
2018-12-14 00:38:16,089 - PnL.py - PnL - refresh_acc_pnl - INFO - Accounting PnL is 200.00000000000009. 
2018-12-14 00:38:16,089 - PnL.py - PnL - refresh_acc_pnl - INFO - Accounting PnL is 200.00000000000009. 
2018-12-14 00:38:16,089 - PnL.py - PnL - refresh_eco_pnl - INFO - Economic PnL is 199.4000000000001. 
2018-12-14 00:38:16,167 - PnL.py - PnL - refresh_acc_pnl - INFO - Accounting PnL is 300.00000000000006. 
2018-12-14 00:38:16,167 - PnL.py - PnL - refresh_acc_pnl - INFO - Accounting PnL is 300.00000000000006. 
2018-12-14 00:38:16,167 - PnL.py - PnL - refresh_eco_pnl - INFO - Economic PnL is 300.1136073059361. 
2018-12-14 00:38:16,182 - PnL.py - PnL - refresh_acc_pnl - INFO - Accounting PnL is 204.62138641592475. 
2018-12-14 00:38:16,182 - PnL.py - PnL - refresh_eco_pnl - INFO - Economic PnL is 202.5751725517655. 
2018-12-14 00:38:16,182 - PnL.py - PnL - refresh_acc_pnl - INFO - Accounting PnL is 307.5225677031095. 
2018-12-14 00:38:16,182 - PnL.py - PnL - refresh_eco_pnl - INFO - Economic PnL is 306.60000000000014. 
2018-12-14 00:38:16,182 - PnL.py - PnL - refresh_acc_pnl - INFO - Accounting PnL is 246.04830013919798. 
2018-12-14 00:38:16,182 - PnL.py - PnL - refresh_eco_pnl - INFO - Economic PnL is 245.7180378892357. 
2018-12-14 00:38:16,182 - PnL.py - PnL - refresh_acc_pnl - INFO - Accounting PnL is 246.04830013919775. 
2018-12-14 00:38:16,182 - PnL.py - PnL - refresh_eco_pnl - INFO - Economic PnL is 245.71803788923546. 
2018-12-14 00:38:16,182 - PnL.py - PnL - refresh_acc_pnl - INFO - Accounting PnL is 246.04830013919798. 
2018-12-14 00:38:16,182 - PnL.py - PnL - refresh_eco_pnl - INFO - Economic PnL is 245.7180378892357. 
2018-12-14 00:39:20,317 - PnL.py - PnL - refresh_acc_pnl - INFO - Accounting PnL is 300.00000000000006. 
2018-12-14 00:39:20,317 - PnL.py - PnL - refresh_acc_pnl - INFO - Accounting PnL is 300.00000000000006. 
2018-12-14 00:39:20,317 - PnL.py - PnL - refresh_eco_pnl - INFO - Economic PnL is 299.40000000000003. 
2018-12-14 00:39:20,332 - PnL.py - PnL - refresh_acc_pnl - INFO - Accounting PnL is 200.00000000000009. 
2018-12-14 00:39:20,332 - PnL.py - PnL - refresh_acc_pnl - INFO - Accounting PnL is 200.00000000000009. 
2018-12-14 00:39:20,332 - PnL.py - PnL - refresh_eco_pnl - INFO - Economic PnL is 199.4000000000001. 
2018-12-14 00:39:20,364 - PnL.py - PnL - refresh_acc_pnl - INFO - Accounting PnL is 300.00000000000006. 
2018-12-14 00:39:20,364 - PnL.py - PnL - refresh_acc_pnl - INFO - Accounting PnL is 300.00000000000006. 
2018-12-14 00:39:20,364 - PnL.py - PnL - refresh_eco_pnl - INFO - Economic PnL is 300.1136073059361. 
2018-12-14 00:39:20,379 - PnL.py - PnL - refresh_acc_pnl - INFO - Accounting PnL is 204.62138641592475. 
2018-12-14 00:39:20,379 - PnL.py - PnL - refresh_eco_pnl - INFO - Economic PnL is 202.5751725517655. 
2018-12-14 00:39:20,379 - PnL.py - PnL - refresh_acc_pnl - INFO - Accounting PnL is 307.5225677031095. 
2018-12-14 00:39:20,379 - PnL.py - PnL - refresh_eco_pnl - INFO - Economic PnL is 306.60000000000014. 
2018-12-14 00:39:20,379 - PnL.py - PnL - refresh_acc_pnl - INFO - Accounting PnL is 246.04830013919798. 
2018-12-14 00:39:20,379 - PnL.py - PnL - refresh_eco_pnl - INFO - Economic PnL is 245.7180378892357. 
2018-12-14 00:39:20,379 - PnL.py - PnL - refresh_acc_pnl - INFO - Accounting PnL is 246.04830013919775. 
2018-12-14 00:39:20,379 - PnL.py - PnL - refresh_eco_pnl - INFO - Economic PnL is 245.71803788923546. 
2018-12-14 00:39:20,395 - PnL.py - PnL - refresh_acc_pnl - INFO - Accounting PnL is 246.04830013919798. 
2018-12-14 00:39:20,395 - PnL.py - PnL - refresh_eco_pnl - INFO - Economic PnL is 245.7180378892357. 
2018-12-14 00:45:36,591 - PnL.py - PnL - refresh_acc_pnl - INFO - Accounting PnL is 300.00000000000006. 
2018-12-14 00:45:36,606 - PnL.py - PnL - refresh_acc_pnl - INFO - Accounting PnL is 300.00000000000006. 
2018-12-14 00:45:36,606 - PnL.py - PnL - refresh_eco_pnl - INFO - Economic PnL is 299.40000000000003. 
2018-12-14 00:45:36,606 - PnL.py - PnL - refresh_acc_pnl - INFO - Accounting PnL is 200.00000000000009. 
2018-12-14 00:45:36,606 - PnL.py - PnL - refresh_acc_pnl - INFO - Accounting PnL is 200.00000000000009. 
2018-12-14 00:45:36,606 - PnL.py - PnL - refresh_eco_pnl - INFO - Economic PnL is 199.4000000000001. 
2018-12-14 00:46:38,000 - PnL.py - PnL - refresh_acc_pnl - INFO - Accounting PnL is 300.00000000000006. 
2018-12-14 00:46:38,000 - PnL.py - PnL - refresh_acc_pnl - INFO - Accounting PnL is 300.00000000000006. 
2018-12-14 00:46:38,000 - PnL.py - PnL - refresh_eco_pnl - INFO - Economic PnL is 299.40000000000003. 
2018-12-14 00:46:38,000 - PnL.py - PnL - refresh_acc_pnl - INFO - Accounting PnL is 200.00000000000009. 
2018-12-14 00:46:38,000 - PnL.py - PnL - refresh_acc_pnl - INFO - Accounting PnL is 200.00000000000009. 
2018-12-14 00:46:38,000 - PnL.py - PnL - refresh_eco_pnl - INFO - Economic PnL is 199.4000000000001. 
2018-12-14 00:46:38,015 - PnL.py - PnL - refresh_acc_pnl - INFO - Accounting PnL is 300.00000000000006. 
2018-12-14 00:46:38,015 - PnL.py - PnL - refresh_acc_pnl - INFO - Accounting PnL is 300.00000000000006. 
2018-12-14 00:46:38,015 - PnL.py - PnL - refresh_eco_pnl - INFO - Economic PnL is 300.1136073059361. 
2018-12-14 00:46:38,031 - PnL.py - PnL - refresh_acc_pnl - INFO - Accounting PnL is 204.62138641592475. 
2018-12-14 00:46:38,031 - PnL.py - PnL - refresh_eco_pnl - INFO - Economic PnL is 202.5751725517655. 
2018-12-14 00:46:38,031 - PnL.py - PnL - refresh_acc_pnl - INFO - Accounting PnL is 307.5225677031095. 
2018-12-14 00:46:38,031 - PnL.py - PnL - refresh_eco_pnl - INFO - Economic PnL is 306.60000000000014. 
2018-12-14 00:46:38,031 - PnL.py - PnL - refresh_acc_pnl - INFO - Accounting PnL is 246.04830013919798. 
2018-12-14 00:46:38,031 - PnL.py - PnL - refresh_eco_pnl - INFO - Economic PnL is 245.7180378892357. 
2018-12-14 00:46:38,031 - PnL.py - PnL - refresh_acc_pnl - INFO - Accounting PnL is 246.04830013919775. 
2018-12-14 00:46:38,046 - PnL.py - PnL - refresh_eco_pnl - INFO - Economic PnL is 245.71803788923546. 
2018-12-14 00:46:38,046 - PnL.py - PnL - refresh_acc_pnl - INFO - Accounting PnL is 246.04830013919798. 
2018-12-14 00:46:38,046 - PnL.py - PnL - refresh_eco_pnl - INFO - Economic PnL is 245.7180378892357. 
2018-12-14 00:48:01,241 - PnL.py - PnL - refresh_acc_pnl - INFO - Accounting PnL is 300.00000000000006. 
2018-12-14 00:48:01,241 - PnL.py - PnL - refresh_acc_pnl - INFO - Accounting PnL is 300.00000000000006. 
2018-12-14 00:48:01,241 - PnL.py - PnL - refresh_eco_pnl - INFO - Economic PnL is 299.40000000000003. 
2018-12-14 00:48:01,241 - PnL.py - PnL - refresh_acc_pnl - INFO - Accounting PnL is 200.00000000000009. 
2018-12-14 00:48:01,241 - PnL.py - PnL - refresh_acc_pnl - INFO - Accounting PnL is 200.00000000000009. 
2018-12-14 00:48:01,241 - PnL.py - PnL - refresh_eco_pnl - INFO - Economic PnL is 199.4000000000001. 
2018-12-14 00:48:01,241 - PnL.py - PnL - refresh_acc_pnl - INFO - Accounting PnL is 300.00000000000006. 
2018-12-14 00:48:01,257 - PnL.py - PnL - refresh_acc_pnl - INFO - Accounting PnL is 300.00000000000006. 
2018-12-14 00:48:01,257 - PnL.py - PnL - refresh_eco_pnl - INFO - Economic PnL is 300.1136073059361. 
2018-12-14 00:48:01,257 - PnL.py - PnL - refresh_acc_pnl - INFO - Accounting PnL is 204.62138641592475. 
2018-12-14 00:48:01,257 - PnL.py - PnL - refresh_eco_pnl - INFO - Economic PnL is 202.5751725517655. 
2018-12-14 00:48:01,257 - PnL.py - PnL - refresh_acc_pnl - INFO - Accounting PnL is 307.5225677031095. 
2018-12-14 00:48:01,257 - PnL.py - PnL - refresh_eco_pnl - INFO - Economic PnL is 306.60000000000014. 
2018-12-14 00:48:01,273 - PnL.py - PnL - refresh_acc_pnl - INFO - Accounting PnL is 246.04830013919798. 
2018-12-14 00:48:01,273 - PnL.py - PnL - refresh_eco_pnl - INFO - Economic PnL is 245.7180378892357. 
2018-12-14 00:48:01,273 - PnL.py - PnL - refresh_acc_pnl - INFO - Accounting PnL is 246.04830013919775. 
2018-12-14 00:48:01,273 - PnL.py - PnL - refresh_eco_pnl - INFO - Economic PnL is 245.71803788923546. 
2018-12-14 00:48:01,273 - PnL.py - PnL - refresh_acc_pnl - INFO - Accounting PnL is 246.04830013919798. 
2018-12-14 00:48:01,273 - PnL.py - PnL - refresh_eco_pnl - INFO - Economic PnL is 245.7180378892357. 
2018-12-14 00:50:20,958 - PnL.py - PnL - refresh_acc_pnl - INFO - Accounting PnL is 300.00000000000006. 
2018-12-14 00:50:20,958 - PnL.py - PnL - refresh_acc_pnl - INFO - Accounting PnL is 300.00000000000006. 
2018-12-14 00:50:20,958 - PnL.py - PnL - refresh_eco_pnl - INFO - Economic PnL is 299.40000000000003. 
2018-12-14 00:50:20,958 - PnL.py - PnL - refresh_acc_pnl - INFO - Accounting PnL is 200.00000000000009. 
2018-12-14 00:50:20,958 - PnL.py - PnL - refresh_acc_pnl - INFO - Accounting PnL is 200.00000000000009. 
2018-12-14 00:50:20,958 - PnL.py - PnL - refresh_eco_pnl - INFO - Economic PnL is 199.4000000000001. 
2018-12-14 00:50:20,973 - PnL.py - PnL - refresh_acc_pnl - INFO - Accounting PnL is 300.00000000000006. 
2018-12-14 00:50:20,973 - PnL.py - PnL - refresh_acc_pnl - INFO - Accounting PnL is 300.00000000000006. 
2018-12-14 00:50:20,973 - PnL.py - PnL - refresh_eco_pnl - INFO - Economic PnL is 300.1136073059361. 
2018-12-14 00:50:20,973 - PnL.py - PnL - refresh_acc_pnl - INFO - Accounting PnL is 204.62138641592475. 
2018-12-14 00:50:20,973 - PnL.py - PnL - refresh_eco_pnl - INFO - Economic PnL is 202.5751725517655. 
2018-12-14 00:50:20,973 - PnL.py - PnL - refresh_acc_pnl - INFO - Accounting PnL is 307.5225677031095. 
2018-12-14 00:50:20,973 - PnL.py - PnL - refresh_eco_pnl - INFO - Economic PnL is 306.60000000000014. 
2018-12-14 00:50:20,989 - PnL.py - PnL - refresh_acc_pnl - INFO - Accounting PnL is 246.04830013919798. 
2018-12-14 00:50:20,989 - PnL.py - PnL - refresh_eco_pnl - INFO - Economic PnL is 245.7180378892357. 
2018-12-14 00:50:20,989 - PnL.py - PnL - refresh_acc_pnl - INFO - Accounting PnL is 246.04830013919775. 
2018-12-14 00:50:20,989 - PnL.py - PnL - refresh_eco_pnl - INFO - Economic PnL is 245.71803788923546. 
2018-12-14 00:50:20,989 - PnL.py - PnL - refresh_acc_pnl - INFO - Accounting PnL is 246.04830013919798. 
2018-12-14 00:50:20,989 - PnL.py - PnL - refresh_eco_pnl - INFO - Economic PnL is 245.7180378892357. 
2018-12-14 00:51:15,264 - PnL.py - PnL - refresh_acc_pnl - INFO - Accounting PnL is 300.00000000000006. 
2018-12-14 00:51:15,264 - PnL.py - PnL - refresh_acc_pnl - INFO - Accounting PnL is 300.00000000000006. 
2018-12-14 00:51:15,264 - PnL.py - PnL - refresh_eco_pnl - INFO - Economic PnL is 299.40000000000003. 
2018-12-14 00:51:15,264 - PnL.py - PnL - refresh_acc_pnl - INFO - Accounting PnL is 200.00000000000009. 
2018-12-14 00:51:15,264 - PnL.py - PnL - refresh_acc_pnl - INFO - Accounting PnL is 200.00000000000009. 
2018-12-14 00:51:15,264 - PnL.py - PnL - refresh_eco_pnl - INFO - Economic PnL is 199.4000000000001. 
2018-12-14 00:51:15,264 - PnL.py - PnL - refresh_acc_pnl - INFO - Accounting PnL is 300.00000000000006. 
2018-12-14 00:51:15,280 - PnL.py - PnL - refresh_acc_pnl - INFO - Accounting PnL is 300.00000000000006. 
2018-12-14 00:51:15,280 - PnL.py - PnL - refresh_eco_pnl - INFO - Economic PnL is 300.1136073059361. 
2018-12-14 00:51:15,280 - PnL.py - PnL - refresh_acc_pnl - INFO - Accounting PnL is 204.62138641592475. 
2018-12-14 00:51:15,280 - PnL.py - PnL - refresh_eco_pnl - INFO - Economic PnL is 202.5751725517655. 
2018-12-14 00:51:15,280 - PnL.py - PnL - refresh_acc_pnl - INFO - Accounting PnL is 307.5225677031095. 
2018-12-14 00:51:15,280 - PnL.py - PnL - refresh_eco_pnl - INFO - Economic PnL is 306.60000000000014. 
2018-12-14 00:51:15,280 - PnL.py - PnL - refresh_acc_pnl - INFO - Accounting PnL is 246.04830013919798. 
2018-12-14 00:51:15,280 - PnL.py - PnL - refresh_eco_pnl - INFO - Economic PnL is 245.7180378892357. 
2018-12-14 00:51:15,280 - PnL.py - PnL - refresh_acc_pnl - INFO - Accounting PnL is 246.04830013919775. 
2018-12-14 00:51:15,280 - PnL.py - PnL - refresh_eco_pnl - INFO - Economic PnL is 245.71803788923546. 
2018-12-14 00:51:15,295 - PnL.py - PnL - refresh_acc_pnl - INFO - Accounting PnL is 246.04830013919798. 
2018-12-14 00:51:15,295 - PnL.py - PnL - refresh_eco_pnl - INFO - Economic PnL is 245.7180378892357. 
2018-12-14 00:53:13,901 - PnL.py - PnL - refresh_acc_pnl - INFO - Accounting PnL is 300.00000000000006. 
2018-12-14 00:53:13,901 - PnL.py - PnL - refresh_acc_pnl - INFO - Accounting PnL is 300.00000000000006. 
2018-12-14 00:53:13,901 - PnL.py - PnL - refresh_eco_pnl - INFO - Economic PnL is 299.40000000000003. 
2018-12-14 00:53:13,901 - PnL.py - PnL - refresh_acc_pnl - INFO - Accounting PnL is 200.00000000000009. 
2018-12-14 00:53:13,901 - PnL.py - PnL - refresh_acc_pnl - INFO - Accounting PnL is 200.00000000000009. 
2018-12-14 00:53:13,901 - PnL.py - PnL - refresh_eco_pnl - INFO - Economic PnL is 199.4000000000001. 
2018-12-14 00:53:13,917 - PnL.py - PnL - refresh_acc_pnl - INFO - Accounting PnL is 300.00000000000006. 
2018-12-14 00:53:13,917 - PnL.py - PnL - refresh_acc_pnl - INFO - Accounting PnL is 300.00000000000006. 
2018-12-14 00:53:13,917 - PnL.py - PnL - refresh_eco_pnl - INFO - Economic PnL is 300.1136073059361. 
2018-12-14 00:53:13,917 - PnL.py - PnL - refresh_acc_pnl - INFO - Accounting PnL is 204.62138641592475. 
2018-12-14 00:53:13,917 - PnL.py - PnL - refresh_eco_pnl - INFO - Economic PnL is 202.5751725517655. 
2018-12-14 00:53:13,917 - PnL.py - PnL - refresh_acc_pnl - INFO - Accounting PnL is 307.5225677031095. 
2018-12-14 00:53:13,917 - PnL.py - PnL - refresh_eco_pnl - INFO - Economic PnL is 306.60000000000014. 
2018-12-14 00:53:13,933 - PnL.py - PnL - refresh_acc_pnl - INFO - Accounting PnL is 246.04830013919798. 
2018-12-14 00:53:13,933 - PnL.py - PnL - refresh_eco_pnl - INFO - Economic PnL is 245.7180378892357. 
2018-12-14 00:53:13,933 - PnL.py - PnL - refresh_acc_pnl - INFO - Accounting PnL is 246.04830013919775. 
2018-12-14 00:53:13,933 - PnL.py - PnL - refresh_eco_pnl - INFO - Economic PnL is 245.71803788923546. 
2018-12-14 00:53:13,933 - PnL.py - PnL - refresh_acc_pnl - INFO - Accounting PnL is 246.04830013919798. 
2018-12-14 00:53:13,933 - PnL.py - PnL - refresh_eco_pnl - INFO - Economic PnL is 245.7180378892357. 
2018-12-14 00:56:03,918 - PnL.py - PnL - refresh_acc_pnl - INFO - Accounting PnL is 300.00000000000006. 
2018-12-14 00:56:03,918 - PnL.py - PnL - refresh_acc_pnl - INFO - Accounting PnL is 300.00000000000006. 
2018-12-14 00:56:03,918 - PnL.py - PnL - refresh_eco_pnl - INFO - Economic PnL is 299.40000000000003. 
2018-12-14 00:56:03,918 - PnL.py - PnL - refresh_acc_pnl - INFO - Accounting PnL is 200.00000000000009. 
2018-12-14 00:56:03,918 - PnL.py - PnL - refresh_acc_pnl - INFO - Accounting PnL is 200.00000000000009. 
2018-12-14 00:56:03,918 - PnL.py - PnL - refresh_eco_pnl - INFO - Economic PnL is 199.4000000000001. 
2018-12-14 00:56:03,934 - PnL.py - PnL - refresh_acc_pnl - INFO - Accounting PnL is 300.00000000000006. 
2018-12-14 00:56:03,934 - PnL.py - PnL - refresh_acc_pnl - INFO - Accounting PnL is 300.00000000000006. 
2018-12-14 00:56:03,934 - PnL.py - PnL - refresh_eco_pnl - INFO - Economic PnL is 300.1136073059361. 
2018-12-14 00:56:03,934 - PnL.py - PnL - refresh_acc_pnl - INFO - Accounting PnL is 204.62138641592475. 
2018-12-14 00:56:03,934 - PnL.py - PnL - refresh_eco_pnl - INFO - Economic PnL is 202.5751725517655. 
2018-12-14 00:56:03,934 - PnL.py - PnL - refresh_acc_pnl - INFO - Accounting PnL is 307.5225677031095. 
2018-12-14 00:56:03,934 - PnL.py - PnL - refresh_eco_pnl - INFO - Economic PnL is 306.60000000000014. 
2018-12-14 00:56:03,950 - PnL.py - PnL - refresh_acc_pnl - INFO - Accounting PnL is 246.04830013919798. 
2018-12-14 00:56:03,950 - PnL.py - PnL - refresh_eco_pnl - INFO - Economic PnL is 245.7180378892357. 
2018-12-14 00:56:03,950 - PnL.py - PnL - refresh_acc_pnl - INFO - Accounting PnL is 246.04830013919775. 
2018-12-14 00:56:03,950 - PnL.py - PnL - refresh_eco_pnl - INFO - Economic PnL is 245.71803788923546. 
2018-12-14 00:56:03,950 - PnL.py - PnL - refresh_acc_pnl - INFO - Accounting PnL is 246.04830013919798. 
2018-12-14 00:56:03,950 - PnL.py - PnL - refresh_eco_pnl - INFO - Economic PnL is 245.7180378892357. 
2018-12-14 00:56:20,188 - PnL.py - PnL - refresh_acc_pnl - INFO - Accounting PnL is 300.00000000000006. 
2018-12-14 00:56:20,188 - PnL.py - PnL - refresh_acc_pnl - INFO - Accounting PnL is 300.00000000000006. 
2018-12-14 00:56:20,188 - PnL.py - PnL - refresh_eco_pnl - INFO - Economic PnL is 299.40000000000003. 
2018-12-14 00:56:20,188 - PnL.py - PnL - refresh_acc_pnl - INFO - Accounting PnL is 200.00000000000009. 
2018-12-14 00:56:20,188 - PnL.py - PnL - refresh_acc_pnl - INFO - Accounting PnL is 200.00000000000009. 
2018-12-14 00:56:20,188 - PnL.py - PnL - refresh_eco_pnl - INFO - Economic PnL is 199.4000000000001. 
2018-12-14 00:56:20,188 - PnL.py - PnL - refresh_acc_pnl - INFO - Accounting PnL is 300.00000000000006. 
2018-12-14 00:56:20,204 - PnL.py - PnL - refresh_acc_pnl - INFO - Accounting PnL is 300.00000000000006. 
2018-12-14 00:56:20,204 - PnL.py - PnL - refresh_eco_pnl - INFO - Economic PnL is 300.1136073059361. 
2018-12-14 00:56:20,204 - PnL.py - PnL - refresh_acc_pnl - INFO - Accounting PnL is 204.62138641592475. 
2018-12-14 00:56:20,204 - PnL.py - PnL - refresh_eco_pnl - INFO - Economic PnL is 202.5751725517655. 
2018-12-14 00:56:20,204 - PnL.py - PnL - refresh_acc_pnl - INFO - Accounting PnL is 307.5225677031095. 
2018-12-14 00:56:20,204 - PnL.py - PnL - refresh_eco_pnl - INFO - Economic PnL is 306.60000000000014. 
2018-12-14 00:56:20,219 - PnL.py - PnL - refresh_acc_pnl - INFO - Accounting PnL is 246.04830013919798. 
2018-12-14 00:56:20,219 - PnL.py - PnL - refresh_eco_pnl - INFO - Economic PnL is 245.7180378892357. 
2018-12-14 00:56:20,219 - PnL.py - PnL - refresh_acc_pnl - INFO - Accounting PnL is 246.04830013919775. 
2018-12-14 00:56:20,219 - PnL.py - PnL - refresh_eco_pnl - INFO - Economic PnL is 245.71803788923546. 
2018-12-14 00:56:20,235 - PnL.py - PnL - refresh_acc_pnl - INFO - Accounting PnL is 246.04830013919798. 
2018-12-14 00:56:20,235 - PnL.py - PnL - refresh_eco_pnl - INFO - Economic PnL is 245.7180378892357. 
2018-12-14 00:57:50,357 - PnL.py - PnL - refresh_acc_pnl - INFO - Accounting PnL is 300.00000000000006. 
2018-12-14 00:57:50,357 - PnL.py - PnL - refresh_acc_pnl - INFO - Accounting PnL is 300.00000000000006. 
2018-12-14 00:57:50,357 - PnL.py - PnL - refresh_eco_pnl - INFO - Economic PnL is 299.40000000000003. 
2018-12-14 00:57:50,357 - PnL.py - PnL - refresh_acc_pnl - INFO - Accounting PnL is 200.00000000000009. 
2018-12-14 00:57:50,357 - PnL.py - PnL - refresh_acc_pnl - INFO - Accounting PnL is 200.00000000000009. 
2018-12-14 00:57:50,357 - PnL.py - PnL - refresh_eco_pnl - INFO - Economic PnL is 199.4000000000001. 
2018-12-14 00:57:50,372 - PnL.py - PnL - refresh_acc_pnl - INFO - Accounting PnL is 204.62138641592475. 
2018-12-14 00:57:50,372 - PnL.py - PnL - refresh_eco_pnl - INFO - Economic PnL is 202.5751725517655. 
2018-12-14 00:57:50,372 - PnL.py - PnL - refresh_acc_pnl - INFO - Accounting PnL is 307.5225677031095. 
2018-12-14 00:57:50,372 - PnL.py - PnL - refresh_eco_pnl - INFO - Economic PnL is 306.60000000000014. 
2018-12-14 00:57:50,372 - PnL.py - PnL - refresh_acc_pnl - INFO - Accounting PnL is 246.04830013919798. 
2018-12-14 00:57:50,372 - PnL.py - PnL - refresh_eco_pnl - INFO - Economic PnL is 245.7180378892357. 
2018-12-14 00:57:50,372 - PnL.py - PnL - refresh_acc_pnl - INFO - Accounting PnL is 246.04830013919775. 
2018-12-14 00:57:50,372 - PnL.py - PnL - refresh_eco_pnl - INFO - Economic PnL is 245.71803788923546. 
2018-12-14 00:57:50,388 - PnL.py - PnL - refresh_acc_pnl - INFO - Accounting PnL is 246.04830013919798. 
2018-12-14 00:57:50,388 - PnL.py - PnL - refresh_eco_pnl - INFO - Economic PnL is 245.7180378892357. 
2018-12-21 23:16:16,899 - Rate2.py - Rate2 - extend_by_df - CRITICAL - parameter df1 tenor start data: 2018-02-22 maturity date: 2018-02-26 does not match current start date: 2018-02-22 maturity date: 2018-02-23
2018-12-21 23:17:12,757 - Rate2.py - Rate2 - extend_by_df - CRITICAL - parameter df1 tenor start data: 2018-02-22 maturity date: 2018-02-26 does not match current start date: 2018-02-22 maturity date: 2018-02-23
2018-12-21 23:21:04,839 - Rate2.py - Rate2 - extend_by_df - CRITICAL - parameter df1 tenor start data: 2018-02-22 maturity date: 2018-02-26 does not match current start date: 2018-02-22 maturity date: 2018-02-23
